mode: count
unit-test/log/logger.go:14.13,16.2 1 1
unit-test/log/logger.go:22.19,33.18 4 1
unit-test/log/logger.go:43.2,60.52 5 1
unit-test/log/logger.go:34.15,35.25 1 1
unit-test/log/logger.go:36.14,37.24 1 0
unit-test/log/logger.go:38.15,39.25 1 0
unit-test/log/logger.go:40.10,41.24 1 0
unit-test/log/logger.go:63.47,78.2 1 1
unit-test/log/logger.go:80.66,82.2 1 2
unit-test/database/database.go:16.13,18.2 1 1
unit-test/database/database.go:23.15,28.16 4 1
unit-test/database/database.go:33.2,34.16 2 1
unit-test/database/database.go:37.2,40.32 3 1
unit-test/database/database.go:28.16,30.3 1 0
unit-test/database/database.go:34.16,36.3 1 0
unit-test/repository/user_repository.go:13.42,15.2 1 0
unit-test/repository/user_repository.go:17.71,21.78 3 0
unit-test/repository/user_repository.go:26.2,26.18 1 0
unit-test/repository/user_repository.go:21.78,24.3 2 0
unit-test/service/user_service.go:14.36,18.2 1 0
unit-test/service/user_service.go:20.68,24.16 3 0
unit-test/service/user_service.go:29.2,29.18 1 0
unit-test/service/user_service.go:24.16,27.3 2 0
unit-test/util/operation.go:8.24,11.2 2 0
unit-test/util/operation.go:13.29,16.2 2 1
unit-test/util/operation.go:18.29,21.2 2 1
unit-test/util/operation.go:23.38,25.12 2 2
unit-test/util/operation.go:28.2,28.19 1 1
unit-test/util/operation.go:25.12,27.3 1 1
unit-test/service/user_service.go:14.36,18.2 1 2
unit-test/service/user_service.go:20.68,24.16 3 2
unit-test/service/user_service.go:29.2,29.18 1 1
unit-test/service/user_service.go:24.16,27.3 2 1
unit-test/log/logger.go:14.13,16.2 1 1
unit-test/log/logger.go:22.19,33.18 4 1
unit-test/log/logger.go:43.2,60.52 5 1
unit-test/log/logger.go:34.15,35.25 1 1
unit-test/log/logger.go:36.14,37.24 1 0
unit-test/log/logger.go:38.15,39.25 1 0
unit-test/log/logger.go:40.10,41.24 1 0
unit-test/log/logger.go:63.47,78.2 1 1
unit-test/log/logger.go:80.66,82.2 1 7
unit-test/database/database.go:16.13,18.2 1 1
unit-test/database/database.go:23.15,28.16 4 1
unit-test/database/database.go:33.2,34.16 2 1
unit-test/database/database.go:37.2,40.32 3 1
unit-test/database/database.go:28.16,30.3 1 0
unit-test/database/database.go:34.16,36.3 1 0
unit-test/repository/user_repository.go:13.42,15.2 1 2
unit-test/repository/user_repository.go:17.71,21.78 3 0
unit-test/repository/user_repository.go:26.2,26.18 1 0
unit-test/repository/user_repository.go:21.78,24.3 2 0
unit-test/util/operation.go:8.24,11.2 2 0
unit-test/util/operation.go:13.29,16.2 2 0
unit-test/util/operation.go:18.29,21.2 2 0
unit-test/util/operation.go:23.38,25.12 2 0
unit-test/util/operation.go:28.2,28.19 1 0
unit-test/util/operation.go:25.12,27.3 1 0
unit-test/database/database.go:16.13,18.2 1 1
unit-test/database/database.go:23.15,28.16 4 1
unit-test/database/database.go:33.2,34.16 2 1
unit-test/database/database.go:37.2,40.32 3 1
unit-test/database/database.go:28.16,30.3 1 0
unit-test/database/database.go:34.16,36.3 1 0
unit-test/service/user_service.go:14.36,18.2 1 0
unit-test/service/user_service.go:20.68,24.16 3 0
unit-test/service/user_service.go:29.2,29.18 1 0
unit-test/service/user_service.go:24.16,27.3 2 0
unit-test/util/operation.go:8.24,11.2 2 0
unit-test/util/operation.go:13.29,16.2 2 0
unit-test/util/operation.go:18.29,21.2 2 0
unit-test/util/operation.go:23.38,25.12 2 0
unit-test/util/operation.go:28.2,28.19 1 0
unit-test/util/operation.go:25.12,27.3 1 0
unit-test/repository/user_repository.go:13.42,15.2 1 2
unit-test/repository/user_repository.go:17.71,21.78 3 2
unit-test/repository/user_repository.go:26.2,26.18 1 1
unit-test/repository/user_repository.go:21.78,24.3 2 1
unit-test/log/logger.go:14.13,16.2 1 1
unit-test/log/logger.go:22.19,33.18 4 1
unit-test/log/logger.go:43.2,60.52 5 1
unit-test/log/logger.go:34.15,35.25 1 1
unit-test/log/logger.go:36.14,37.24 1 0
unit-test/log/logger.go:38.15,39.25 1 0
unit-test/log/logger.go:40.10,41.24 1 0
unit-test/log/logger.go:63.47,78.2 1 1
unit-test/log/logger.go:80.66,82.2 1 5
